Failed to load resource: the server responded with a status of 400 (Bad Request)
Failed to load resource: the server responded with a status of 400 (Bad Request)
Refused to execute script from 'http://localhost:3000/_next/static/chunks/bf2c8a42e9394fa1.js' because its MIME type ('text/html') is not executable, and strict MIME type checking is enabled.
Failed to load resource: the server responded with a status of 400 (Bad Request)
Refused to execute script from 'http://localhost:3000/_next/static/chunks/4a4074717300b14a.js' because its MIME type ('text/html') is not executable, and strict MIME type checking is enabled.
Failed to load resource: the server responded with a status of 400 (Bad Request)
Refused to execute script from 'http://localhost:3000/_next/static/chunks/turbopack-c02b8be51c2eef80.js' because its MIME type ('text/html') is not executable, and strict MIME type checking is enabled.
Refused to execute script from 'http://localhost:3000/_next/static/chunks/b1cebaad23bcd57a.js' because its MIME type ('text/html') is not executable, and strict MIME type checking is enabled.
Failed to load resource: the server responded with a status of 400 (Bad Request)
Refused to execute script from 'http://localhost:3000/_next/static/chunks/7ece1322e74c80cb.js' because its MIME type ('text/html') is not executable, and strict MIME type checking is enabled.
Failed to load resource: the server responded with a status of 400 (Bad Request)
Refused to execute script from 'http://localhost:3000/_next/static/chunks/64e0becd3c6b6a62.js' because its MIME type ('text/html') is not executable, and strict MIME type checking is enabled.
Failed to load resource: the server responded with a status of 404 (Not Found)
Refused to execute script from 'http://localhost:3000/_next/static/chunks/855017fdc761794c.js' because its MIME type ('text/plain') is not executable, and strict MIME type checking is enabled.
Failed to load resource: the server responded with a status of 404 (Not Found)
Refused to execute script from 'http://localhost:3000/_next/static/chunks/2cc6456218ed34bf.js' because its MIME type ('text/plain') is not executable, and strict MIME type checking is enabled.
Failed to load resource: the server responded with a status of 404 (Not Found)
Refused to execute script from 'http://localhost:3000/_next/static/chunks/turbopack-3a78f74266b21706.js' because its MIME type ('text/plain') is not executable, and strict MIME type checking is enabled.
Failed to load resource: the server responded with a status of 404 (Not Found)
Refused to execute script from 'http://localhost:3000/_next/static/chunks/6ade8622d5cd9138.js' because its MIME type ('text/plain') is not executable, and strict MIME type checking is enabled.
Failed to load resource: the server responded with a status of 404 (Not Found)
Refused to execute script from 'http://localhost:3000/_next/static/chunks/dcc8db0b66f25127.js' because its MIME type ('text/plain') is not executable, and strict MIME type checking is enabled.
Failed to load resource: the server responded with a status of 404 (Not Found)
Refused to execute script from 'http://localhost:3000/_next/static/chunks/90c1828a8aa23750.js' because its MIME type ('text/plain') is not executable, and strict MIME type checking is enabled.
Failed to load resource: the server responded with a status of 500 (Internal Server Error)
Failed to load resource: the server responded with a status of 400 (Bad Request)
Refused to execute script from 'http://localhost:3000/_next/static/yjXZO-YXm9X03fVg7d1Rl/_ssgManifest.js' because its MIME type ('text/html') is not executable, and strict MIME type checking is enabled.
Failed to load resource: the server responded with a status of 400 (Bad Request)
Refused to execute script from 'http://localhost:3000/_next/static/yjXZO-YXm9X03fVg7d1Rl/_buildManifest.js' because its MIME type ('text/html') is not executable, and strict MIME type checking is enabled.
Failed to load resource: the server responded with a status of 400 (Bad Request)